\BOOKMARK [1][-]{cover.1}{\376\377\000C\000o\000v\000e\000r}{}% 1
\BOOKMARK [1][-]{contents.1}{\376\377\000T\000a\000b\000l\000e\000\040\000o\000f\000\040\000C\000o\000n\000t\000e\000n\000t\000s}{}% 2
\BOOKMARK [0][-]{chapter*.2}{\376\377\000L\000i\000s\000t\000\040\000o\000f\000\040\000F\000i\000g\000u\000r\000e\000s}{}% 3
\BOOKMARK [0][-]{chapter*.3}{\376\377\000L\000i\000s\000t\000\040\000o\000f\000\040\000T\000a\000b\000l\000e\000s}{}% 4
\BOOKMARK [0][-]{chapter*.4}{\376\377\000L\000i\000s\000t\000\040\000o\000f\000\040\000A\000c\000r\000o\000n\000y\000m\000s}{}% 5
\BOOKMARK [0][-]{chapter*.5}{\376\377\000A\000c\000k\000n\000o\000w\000l\000e\000d\000g\000m\000e\000n\000t\000s}{}% 6
\BOOKMARK [0][-]{chapter*.6}{\376\377\000A\000b\000s\000t\000r\000a\000c\000t\000\040\000o\000f\000\040\000t\000h\000e\000\040\000D\000i\000s\000s\000e\000r\000t\000a\000t\000i\000o\000n}{}% 7
\BOOKMARK [0][-]{chapter.7}{\376\377\0001\000\040\000B\000a\000c\000k\000g\000r\000o\000u\000n\000d}{}% 8
\BOOKMARK [1][-]{section.10}{\376\377\0001\000.\0001\000\040\000T\000h\000e\000o\000r\000y\000\040\000a\000n\000d\000\040\000p\000r\000a\000c\000t\000i\000c\000e}{chapter.7}% 9
\BOOKMARK [2][-]{subsection.12}{\376\377\0001\000.\0001\000.\0001\000\040\000G\000r\000a\000v\000i\000t\000a\000t\000i\000o\000n\000a\000l\000\040\000w\000a\000v\000e\000s}{section.10}% 10
\BOOKMARK [2][-]{subsection.14}{\376\377\0001\000.\0001\000.\0002\000\040\000G\000e\000n\000e\000t\000i\000c\000\040\000h\000e\000r\000e\000d\000i\000t\000y}{section.10}% 11
\BOOKMARK [1][-]{section.15}{\376\377\0001\000.\0002\000\040\000F\000o\000c\000u\000s}{chapter.7}% 12
\BOOKMARK [1][-]{section.16}{\376\377\0001\000.\0003\000\040\000O\000r\000g\000a\000n\000i\000z\000a\000t\000i\000o\000n}{chapter.7}% 13
\BOOKMARK [0][-]{chapter.17}{\376\377\0002\000\040\000C\000h\000e\000m\000o\000t\000h\000e\000r\000a\000p\000y}{}% 14
\BOOKMARK [1][-]{section.21}{\376\377\0002\000.\0001\000\040\000I\000n\000t\000r\000o\000d\000u\000c\000t\000i\000o\000n}{chapter.17}% 15
\BOOKMARK [2][-]{subsection.23}{\376\377\0002\000.\0001\000.\0001\000\040\000C\000h\000e\000m\000o\000t\000h\000e\000r\000a\000p\000y\000\040\000d\000r\000u\000g\000s\000\040\000w\000i\000t\000h\000\040\000i\000m\000m\000u\000n\000o\000g\000e\000n\000i\000c\000\040\000r\000e\000s\000p\000o\000n\000s\000e}{section.21}% 16
\BOOKMARK [2][-]{subsection.24}{\376\377\0002\000.\0001\000.\0002\000\040\000M\000a\000t\000h\000e\000m\000a\000t\000i\000c\000a\000l\000\040\000m\000o\000d\000e\000l\000i\000n\000g\000\040\000o\000f\000\040\000c\000h\000e\000m\000o\000t\000h\000e\000r\000a\000p\000y}{section.21}% 17
\BOOKMARK [2][-]{subsection.25}{\376\377\0002\000.\0001\000.\0003\000\040\000M\000a\000t\000h\000e\000m\000a\000t\000i\000c\000a\000l\000l\000y\000\040\000d\000e\000r\000i\000v\000e\000d\000\040\000o\000p\000t\000i\000m\000a\000l\000\040\000r\000e\000g\000i\000m\000e\000n}{section.21}% 18
\BOOKMARK [2][-]{subsection.26}{\376\377\0002\000.\0001\000.\0004\000\040\000P\000r\000e\000s\000s\000-\000p\000u\000l\000s\000e\000\040\000t\000h\000e\000o\000r\000y}{section.21}% 19
\BOOKMARK [2][-]{subsection.27}{\376\377\0002\000.\0001\000.\0005\000\040\000O\000r\000g\000a\000n\000i\000z\000a\000t\000i\000o\000n\000\040\000o\000f\000\040\000t\000h\000i\000s\000\040\000c\000h\000a\000p\000t\000e\000r}{section.21}% 20
\BOOKMARK [1][-]{section.28}{\376\377\0002\000.\0002\000\040\000M\000e\000t\000h\000o\000d\000s}{chapter.17}% 21
\BOOKMARK [2][-]{subsection.29}{\376\377\0002\000.\0002\000.\0001\000\040\000M\000a\000t\000h\000e\000m\000a\000t\000i\000c\000a\000l\000\040\000m\000o\000d\000e\000l}{section.28}% 22
\BOOKMARK [2][-]{subsection.39}{\376\377\0002\000.\0002\000.\0002\000\040\000I\000m\000m\000u\000n\000e\000\040\000c\000e\000l\000l\000\040\000m\000a\000r\000k\000e\000r\000s}{section.28}% 23
\BOOKMARK [0][-]{chapter.44}{\376\377\0003\000\040\000I\000m\000m\000u\000n\000o\000t\000h\000e\000r\000a\000p\000y}{}% 24
\BOOKMARK [0][-]{chapter.45}{\376\377\0004\000\040\000E\000p\000i\000d\000e\000m\000i\000c\000s}{}% 25
\BOOKMARK [1][-]{section.47}{\376\377\0004\000.\0001\000\040\000O\000p\000t\000i\000m\000a\000l\000\040\000t\000i\000m\000i\000n\000g}{chapter.45}% 26
\BOOKMARK [1][-]{section.49}{\376\377\0004\000.\0002\000\040\000S\000i\000n\000g\000u\000l\000a\000r\000\040\000p\000u\000r\000t\000e\000r\000b\000a\000t\000i\000o\000n\000\040\000a\000p\000p\000r\000o\000a\000c\000h}{chapter.45}% 27
\BOOKMARK [0][-]{chapter.51}{\376\377\0005\000\040\000C\000o\000n\000c\000l\000u\000s\000i\000o\000n}{}% 28
\BOOKMARK [0][-]{appendix.53}{\376\377\000A\000\040\000F\000i\000r\000s\000t\000\040\000A\000p\000p\000e\000n\000d\000i\000x\000\040\000H\000e\000a\000d\000l\000i\000n\000e}{}% 29
\BOOKMARK [0][-]{appendix.54}{\376\377\000B\000\040\000S\000e\000c\000o\000n\000d\000\040\000A\000p\000p\000e\000n\000d\000i\000x\000\040\000H\000e\000a\000d\000l\000i\000n\000e}{}% 30
